[debug] [2026-06-22T08:48:15.536Z] ----------------------------------------------------------------------
[debug] [2026-06-22T08:48:15.539Z] Command:       /home/jules/.nvm/versions/node/v22.22.1/bin/node /home/jules/.npm/_npx/7750544ccf494d8b/node_modules/.bin/firebase deploy --only functions --project game-tracker-444b2 --non-interactive --debug --force
[debug] [2026-06-22T08:48:15.539Z] CLI Version:   15.22.0
[debug] [2026-06-22T08:48:15.539Z] Platform:      linux
[debug] [2026-06-22T08:48:15.539Z] Node Version:  v22.22.1
[debug] [2026-06-22T08:48:15.540Z] Detected Agent: unknown
[debug] [2026-06-22T08:48:15.540Z] Time:          Mon Jun 22 2026 08:48:15 GMT+0000 (Coordinated Universal Time)
[debug] [2026-06-22T08:48:15.540Z] ----------------------------------------------------------------------
[debug]
[debug] [2026-06-22T08:48:15.543Z] >>> [apiv2][query] GET https://firebase-public.firebaseio.com/cli.json [none]
[debug] [2026-06-22T08:48:16.991Z] > command requires scopes: ["email","openid","https://www.googleapis.com/auth/cloudplatformprojects.readonly","https://www.googleapis.com/auth/firebase","https://www.googleapis.com/auth/cloud-platform"]
[debug] [2026-06-22T08:48:17.015Z] Error: Could not load the default credentials. Browse to https://cloud.google.com/docs/authentication/getting-started for more information.
    at GoogleAuth.getApplicationDefaultAsync (/home/jules/.npm/_npx/7750544ccf494d8b/node_modules/google-auth-library/build/src/auth/googleauth.js:287:15)
    at process.processTicksAndRejections (node:internal/process/task_queues:103:5)
    at async GoogleAuth._GoogleAuth_determineClient (/home/jules/.npm/_npx/7750544ccf494d8b/node_modules/google-auth-library/build/src/auth/googleauth.js:834:32)
    at async GoogleAuth.getClient (/home/jules/.npm/_npx/7750544ccf494d8b/node_modules/google-auth-library/build/src/auth/googleauth.js:698:20)
    at async GoogleAuth.getAccessToken (/home/jules/.npm/_npx/7750544ccf494d8b/node_modules/google-auth-library/build/src/auth/googleauth.js:722:24)
    at async autoAuth (/home/jules/.npm/_npx/7750544ccf494d8b/node_modules/firebase-tools/lib/requireAuth.js:28:19)
    at async requireAuth (/home/jules/.npm/_npx/7750544ccf494d8b/node_modules/firebase-tools/lib/requireAuth.js:90:20)
    at async requirePermissions (/home/jules/.npm/_npx/7750544ccf494d8b/node_modules/firebase-tools/lib/requirePermissions.js:17:5)
    at async /home/jules/.npm/_npx/7750544ccf494d8b/node_modules/firebase-tools/lib/command.js:278:17
[error]
[error] Error: Failed to authenticate, have you run firebase login?
[debug] [2026-06-22T08:48:17.034Z] <<< [apiv2][status] GET https://firebase-public.firebaseio.com/cli.json 200
[debug] [2026-06-22T08:48:17.035Z] <<< [apiv2][body] GET https://firebase-public.firebaseio.com/cli.json {"cloudBuildErrorAfter":1594252800000,"cloudBuildWarnAfter":1590019200000,"defaultNode10After":1594252800000,"minVersion":"3.0.5","node8DeploysDisabledAfter":1613390400000,"node8RuntimeDisabledAfter":1615809600000,"node8WarnAfter":1600128000000}
